<?xml version="1.0" encoding="UTF-8"?>
<!-- Generated by org.testng.reporters.JUnitReportReporter -->
<testsuite hostname="KompMadzi" failures="0" tests="1" name="pl.pawlukowicz.tests.ContactUsTest" time="33.709" errors="0" timestamp="2022-03-30T18:40:55 CEST" skipped="0">
  <testcase classname="pl.pawlukowicz.tests.ContactUsTest" name="contactUsTest" time="33.709"/>
  <system-out/>
</testsuite> <!-- pl.pawlukowicz.tests.ContactUsTest -->
